GAS LISTING addConst.s 			page 1


   1              	        .file   "addConst.c"
   2              	        .intel_syntax noprefix
   3              	        .text
   4              	        .section        .rodata
   5              	.LC0:
   6 0000 496E2061 	        .string "In addConst:%8i %8i %8i\n"
   6      6464436F 
   6      6E73743A 
   6      25386920 
   6      25386920 
   7              	        .text
   8              	        .globl  addConst
   9              	        .type   addConst, @function
  10              	addConst:
  11 0000 55       	        push    rbp
  12 0001 4889E5   	        mov     rbp, rsp
  13 0004 4883EC10 	        sub     rsp, 16
  14 0008 C745FC4E 	        mov     DWORD PTR -4[rbp], 78
  14      000000
  15 000f 8145FCE8 	        add     DWORD PTR -4[rbp], 1000
  15      030000
  16 0016 8B050000 	        mov     eax, DWORD PTR y.2319[rip]
  16      0000
  17 001c 05E80300 	        add     eax, 1000
  17      00
  18 0021 89050000 	        mov     DWORD PTR y.2319[rip], eax
  18      0000
  19 0027 8B050000 	        mov     eax, DWORD PTR z[rip]
  19      0000
  20 002d 05E80300 	        add     eax, 1000
  20      00
  21 0032 89050000 	        mov     DWORD PTR z[rip], eax
  21      0000
  22 0038 8B0D0000 	        mov     ecx, DWORD PTR z[rip]
  22      0000
  23 003e 8B150000 	        mov     edx, DWORD PTR y.2319[rip]
  23      0000
  24 0044 8B45FC   	        mov     eax, DWORD PTR -4[rbp]
  25 0047 89C6     	        mov     esi, eax
  26 0049 488D3D00 	        lea     rdi, .LC0[rip]
  26      000000
  27 0050 B8000000 	        mov     eax, 0
  27      00
  28 0055 E8000000 	        call    printf@PLT
  28      00
  29 005a 90       	        nop
  30 005b C9       	        leave
  31 005c C3       	        ret
  32              	        .size   addConst, .-addConst
  33              	        .data
  34              	        .align 4
  35              	        .type   y.2319, @object
  36              	        .size   y.2319, 4
  37              	y.2319:
  38 0000 5A000000 	        .long   90
  39              	        .ident  "GCC: (Ubuntu 9.3.0-17ubuntu1~20.04) 9.3.0"
  40              	        .section        .note.GNU-stack,"",@progbits
GAS LISTING addConst.s 			page 2


